<?xml version="1.0" encoding="UTF-8"?>
<!-- Generated by org.testng.reporters.JUnitReportReporter -->
<testsuite hostname="Umeshs-MacBook-Pro.local" failures="0" tests="3" name="com.jenkins.demo_project1.TestCase1" time="12.064" errors="0" timestamp="2024-12-09T14:47:11 IST" skipped="0">
  <testcase classname="com.jenkins.demo_project1.TestCase1" name="Test1" time="2.546"/>
  <testcase classname="com.jenkins.demo_project1.TestCase1" name="Test2" time="5.711"/>
  <testcase classname="com.jenkins.demo_project1.TestCase1" name="Test3" time="3.807"/>
</testsuite> <!-- com.jenkins.demo_project1.TestCase1 -->
